<?xml version="1.0" encoding="UTF-8"?>
<!-- Generated by org.testng.reporters.JUnitXMLReporter -->
<testsuite hostname="DESKTOP-TQEA3MJ" name="ApptempTest1596652629005" tests="1" failures="1" timestamp="5 Aug 2020 18:37:44 GMT" time="35.505" errors="0">
  <testcase name="WeatherTest" time="20.266" classname="tests.ApptempTest">
    <failure type="java.lang.AssertionError" message="expected [true] but found [false]">
      <![CDATA[java.lang.AssertionError: expected [true] but found [false]
	at tests.ApptempTest.WeatherTest(ApptempTest.java:51)
	at com.core.Runnerclass.main(Runnerclass.java:63)
... Removed 25 stack frames]]>
    </failure>
  </testcase> <!-- WeatherTest -->
</testsuite> <!-- ApptempTest1596652629005 -->
