<?xml version="1.0" encoding="UTF-8"?>
<!-- Generated by org.testng.reporters.JUnitXMLReporter -->
<testsuite hostname="DESKTOP-TQEA3MJ" name="ApptempTest1596653124996" tests="1" failures="1" timestamp="5 Aug 2020 18:46:20 GMT" time="55.468" errors="0">
  <testcase name="WeatherTest" time="40.206" classname="tests.ApptempTest">
    <failure type="java.lang.AssertionError" message="expected [true] but found [false]">
      <![CDATA[java.lang.AssertionError: expected [true] but found [false]
	at tests.ApptempTest.WeatherTest(ApptempTest.java:50)
	at com.core.Runnerclass.main(Runnerclass.java:63)
... Removed 25 stack frames]]>
    </failure>
  </testcase> <!-- WeatherTest -->
</testsuite> <!-- ApptempTest1596653124996 -->
